%このファイルは日本語文字を含みます.
\BOOKMARK [0][-]{chapter.1}{緒言}{}% 1
\BOOKMARK [1][-]{section.1.1}{背景}{chapter.1}% 2
\BOOKMARK [2][-]{subsection.1.1.1}{アイソジオメトリック解析\(Isogeometric Analysis, IGA\)}{section.1.1}% 3
\BOOKMARK [2][-]{subsection.1.1.2}{重合パッチ法\(S-version Isogeometric Analysis Method, S-IGA\)}{section.1.1}% 4
\BOOKMARK [1][-]{section.1.2}{目的}{chapter.1}% 5
\BOOKMARK [1][-]{section.1.3}{概要}{chapter.1}% 6
\BOOKMARK [1][-]{section.1.4}{本論文の構成}{chapter.1}% 7
\BOOKMARK [0][-]{chapter.2}{アイソジオメトリック解析手法}{}% 8
\BOOKMARK [1][-]{section.2.1}{非一様有理Bスプライン\(Non-Uniform Rational B-Spline, NURBS\)}{chapter.2}% 9
\BOOKMARK [2][-]{subsection.2.1.1}{ノットベクトル}{section.2.1}% 10
\BOOKMARK [2][-]{subsection.2.1.2}{Bスプライン基底関数}{section.2.1}% 11
\BOOKMARK [2][-]{subsection.2.1.3}{Bスプライン曲線}{section.2.1}% 12
\BOOKMARK [2][-]{subsection.2.1.4}{NURBS基底関数・NURBS曲線}{section.2.1}% 13
\BOOKMARK [2][-]{subsection.2.1.5}{NURBS曲面}{section.2.1}% 14
\BOOKMARK [2][-]{subsection.2.1.6}{細分化操作}{section.2.1}% 15
\BOOKMARK [3][-]{subsubsection.2.1.6.1}{Bスプライン細分化操作}{subsection.2.1.6}% 16
\BOOKMARK [3][-]{subsubsection.2.1.6.2}{NURBS細分化操作}{subsection.2.1.6}% 17
\BOOKMARK [2][-]{subsection.2.1.7}{高次化操作}{section.2.1}% 18
\BOOKMARK [3][-]{subsubsection.2.1.7.1}{ノット除去操作}{subsection.2.1.7}% 19
\BOOKMARK [3][-]{subsubsection.2.1.7.2}{Bスプライン高次化操作}{subsection.2.1.7}% 20
\BOOKMARK [3][-]{subsubsection.2.1.7.3}{NURBS高次化操作}{subsection.2.1.7}% 21
\BOOKMARK [1][-]{section.2.2}{アイソジオメトリック解析}{chapter.2}% 22
\BOOKMARK [2][-]{subsection.2.2.1}{NURBS基底関数による離散化解析}{section.2.2}% 23
\BOOKMARK [3][-]{subsubsection.2.2.1.1}{関数の定義}{subsection.2.2.1}% 24
\BOOKMARK [3][-]{subsubsection.2.2.1.2}{境界値問題}{subsection.2.2.1}% 25
\BOOKMARK [3][-]{subsubsection.2.2.1.3}{弱形式の定義}{subsection.2.2.1}% 26
\BOOKMARK [3][-]{subsubsection.2.2.1.4}{ガラーキン法}{subsection.2.2.1}% 27
\BOOKMARK [3][-]{subsubsection.2.2.1.5}{行列方程式の定義}{subsection.2.2.1}% 28
\BOOKMARK [3][-]{subsubsection.2.2.1.6}{二次元線形弾性問題}{subsection.2.2.1}% 29
\BOOKMARK [2][-]{subsection.2.2.2}{IGAにおける要素}{section.2.2}% 30
\BOOKMARK [2][-]{subsection.2.2.3}{数値積分のための写像}{section.2.2}% 31
\BOOKMARK [0][-]{chapter.3}{重合パッチ法}{}% 32
\BOOKMARK [1][-]{section.3.1}{重合パッチ法の理論}{chapter.3}% 33
\BOOKMARK [1][-]{section.3.2}{結合剛性マトリクス}{chapter.3}% 34
\BOOKMARK [0][-]{chapter.4}{数値解析例}{}% 35
\BOOKMARK [1][-]{section.4.1}{3次の基底関数を用いたIGA解析}{chapter.4}% 36
\BOOKMARK [2][-]{subsection.4.1.1}{内圧を受ける厚肉円筒の解析}{section.4.1}% 37
\BOOKMARK [1][-]{section.4.2}{3次の基底関数を用いた重合パッチ法解析}{chapter.4}% 38
\BOOKMARK [2][-]{subsection.4.2.1}{遠方で一様引張を受ける円孔を有する平板の解析}{section.4.2}% 39
\BOOKMARK [3][-]{subsubsection.4.2.1.1}{各パッチでの基底関数の次数の組み合わせによる解析精度検証}{subsection.4.2.1}% 40
\BOOKMARK [3][-]{subsubsection.4.2.1.2}{グローバルパッチの分割数を固定してローカルパッチの分割数を変更した解析}{subsection.4.2.1}% 41
\BOOKMARK [3][-]{subsubsection.4.2.1.3}{ローカルパッチの分割数を固定してグローバルパッチの分割数を変更した解析}{subsection.4.2.1}% 42
\BOOKMARK [3][-]{subsubsection.4.2.1.4}{グローバルパッチの分割数を固定してローカルパッチのサイズと分割数を変更した解析}{subsection.4.2.1}% 43
\BOOKMARK [0][-]{chapter.5}{考察}{}% 44
\BOOKMARK [1][-]{section.5.1}{3次の基底関数を用いたIGA解析}{chapter.5}% 45
\BOOKMARK [2][-]{subsection.5.1.1}{内圧を受ける厚肉円筒の解析}{section.5.1}% 46
\BOOKMARK [1][-]{section.5.2}{3次の基底関数を用いた重合パッチ法解析}{chapter.5}% 47
\BOOKMARK [2][-]{subsection.5.2.1}{遠方で一様引張を受ける円孔を有する平板の解析}{section.5.2}% 48
\BOOKMARK [3][-]{subsubsection.5.2.1.1}{各パッチでの基底関数の次数の組み合わせによる解析精度検証}{subsection.5.2.1}% 49
\BOOKMARK [3][-]{subsubsection.5.2.1.2}{グローバルパッチの分割数を固定してローカルパッチの分割数を変更した解析}{subsection.5.2.1}% 50
\BOOKMARK [3][-]{subsubsection.5.2.1.3}{ローカルパッチの分割数を固定してグローバルパッチの分割数を変更した解析}{subsection.5.2.1}% 51
\BOOKMARK [3][-]{subsubsection.5.2.1.4}{グローバルパッチの分割数を固定してローカルパッチのサイズと分割数を変更した解析}{subsection.5.2.1}% 52
\BOOKMARK [0][-]{chapter.6}{結言}{}% 53
\BOOKMARK [0][-]{chapter.7}{謝辞}{}% 54
\BOOKMARK [0][-]{chapter.8}{文献}{}% 55
