d:\ドキュメント\lab_share\解析temp_pcgsolver\vs_gmres\vs_gmres\x64\release\vc143.pdb
d:\ドキュメント\lab_share\解析temp_pcgsolver\vs_gmres\vs_gmres\x64\release\s-iga_pcg_main_v1.obj
d:\ドキュメント\lab_share\解析temp_pcgsolver\vs_gmres\vs_gmres\x64\release\s-iga_pcg_sub_v1.obj
d:\ドキュメント\lab_share\解析temp_pcgsolver\vs_gmres\x64\release\vs_gmres.ilk
d:\ドキュメント\lab_share\解析temp_pcgsolver\vs_gmres\x64\release\vs_gmres.exe
d:\ドキュメント\lab_share\解析temp_pcgsolver\vs_gmres\x64\release\vs_gmres.pdb
d:\ドキュメント\lab_share\解析temp_pcgsolver\vs_gmres\vs_gmres\x64\release\vs_gmres.ipdb
d:\ドキュメント\lab_share\解析temp_pcgsolver\vs_gmres\vs_gmres\x64\release\vs_gmres.iobj
d:\ドキュメント\lab_share\解析temp_pcgsolver\vs_gmres\vs_gmres\x64\release\vs_gmres.tlog\cl.command.1.tlog
d:\ドキュメント\lab_share\解析temp_pcgsolver\vs_gmres\vs_gmres\x64\release\vs_gmres.tlog\cl.read.1.tlog
d:\ドキュメント\lab_share\解析temp_pcgsolver\vs_gmres\vs_gmres\x64\release\vs_gmres.tlog\cl.write.1.tlog
d:\ドキュメント\lab_share\解析temp_pcgsolver\vs_gmres\vs_gmres\x64\release\vs_gmres.tlog\dpcpp-cl-clang-cl-append-file.24976.read.1.tlog
d:\ドキュメント\lab_share\解析temp_pcgsolver\vs_gmres\vs_gmres\x64\release\vs_gmres.tlog\dpcpp-cl-clang-cl-append-file.24976.write.1.tlog
d:\ドキュメント\lab_share\解析temp_pcgsolver\vs_gmres\vs_gmres\x64\release\vs_gmres.tlog\dpcpp-cl-clang-cl-append-file.read.1.tlog
d:\ドキュメント\lab_share\解析temp_pcgsolver\vs_gmres\vs_gmres\x64\release\vs_gmres.tlog\dpcpp-cl-clang-cl-append-file.write.1.tlog
d:\ドキュメント\lab_share\解析temp_pcgsolver\vs_gmres\vs_gmres\x64\release\vs_gmres.tlog\dpcpp-cl-clang-cl-clang-offload-bundler-llvm-objcopy.delete.1.tlog
d:\ドキュメント\lab_share\解析temp_pcgsolver\vs_gmres\vs_gmres\x64\release\vs_gmres.tlog\dpcpp-cl-clang-cl-clang-offload-bundler-llvm-objcopy.read.1.tlog
d:\ドキュメント\lab_share\解析temp_pcgsolver\vs_gmres\vs_gmres\x64\release\vs_gmres.tlog\dpcpp-cl-clang-cl-clang-offload-bundler-llvm-objcopy.write.1.tlog
d:\ドキュメント\lab_share\解析temp_pcgsolver\vs_gmres\vs_gmres\x64\release\vs_gmres.tlog\dpcpp-cl-clang-cl-clang-offload-bundler.22740-llvm-objcopy.delete.1.tlog
d:\ドキュメント\lab_share\解析temp_pcgsolver\vs_gmres\vs_gmres\x64\release\vs_gmres.tlog\dpcpp-cl-clang-cl-clang-offload-bundler.22740-llvm-objcopy.read.1.tlog
d:\ドキュメント\lab_share\解析temp_pcgsolver\vs_gmres\vs_gmres\x64\release\vs_gmres.tlog\dpcpp-cl-clang-cl-clang-offload-bundler.22740-llvm-objcopy.write.1.tlog
d:\ドキュメント\lab_share\解析temp_pcgsolver\vs_gmres\vs_gmres\x64\release\vs_gmres.tlog\dpcpp-cl-clang-cl-clang-offload-bundler.22740.read.1.tlog
d:\ドキュメント\lab_share\解析temp_pcgsolver\vs_gmres\vs_gmres\x64\release\vs_gmres.tlog\dpcpp-cl-clang-cl-clang-offload-bundler.22740.write.1.tlog
d:\ドキュメント\lab_share\解析temp_pcgsolver\vs_gmres\vs_gmres\x64\release\vs_gmres.tlog\dpcpp-cl-clang-cl-clang-offload-bundler.read.1.tlog
d:\ドキュメント\lab_share\解析temp_pcgsolver\vs_gmres\vs_gmres\x64\release\vs_gmres.tlog\dpcpp-cl-clang-cl-clang-offload-bundler.write.1.tlog
d:\ドキュメント\lab_share\解析temp_pcgsolver\vs_gmres\vs_gmres\x64\release\vs_gmres.tlog\dpcpp-cl-clang-cl.20500.delete.1.tlog
d:\ドキュメント\lab_share\解析temp_pcgsolver\vs_gmres\vs_gmres\x64\release\vs_gmres.tlog\dpcpp-cl-clang-cl.20500.read.1.tlog
d:\ドキュメント\lab_share\解析temp_pcgsolver\vs_gmres\vs_gmres\x64\release\vs_gmres.tlog\dpcpp-cl-clang-cl.20500.write.1.tlog
d:\ドキュメント\lab_share\解析temp_pcgsolver\vs_gmres\vs_gmres\x64\release\vs_gmres.tlog\dpcpp-cl-clang-cl.23620.delete.1.tlog
d:\ドキュメント\lab_share\解析temp_pcgsolver\vs_gmres\vs_gmres\x64\release\vs_gmres.tlog\dpcpp-cl-clang-cl.23620.read.1.tlog
d:\ドキュメント\lab_share\解析temp_pcgsolver\vs_gmres\vs_gmres\x64\release\vs_gmres.tlog\dpcpp-cl-clang-cl.23620.write.1.tlog
d:\ドキュメント\lab_share\解析temp_pcgsolver\vs_gmres\vs_gmres\x64\release\vs_gmres.tlog\dpcpp-cl-clang-cl.25216.delete.1.tlog
d:\ドキュメント\lab_share\解析temp_pcgsolver\vs_gmres\vs_gmres\x64\release\vs_gmres.tlog\dpcpp-cl-clang-cl.25216.read.1.tlog
d:\ドキュメント\lab_share\解析temp_pcgsolver\vs_gmres\vs_gmres\x64\release\vs_gmres.tlog\dpcpp-cl-clang-cl.25216.write.1.tlog
d:\ドキュメント\lab_share\解析temp_pcgsolver\vs_gmres\vs_gmres\x64\release\vs_gmres.tlog\dpcpp-cl-clang-cl.4824.delete.1.tlog
d:\ドキュメント\lab_share\解析temp_pcgsolver\vs_gmres\vs_gmres\x64\release\vs_gmres.tlog\dpcpp-cl-clang-cl.4824.read.1.tlog
d:\ドキュメント\lab_share\解析temp_pcgsolver\vs_gmres\vs_gmres\x64\release\vs_gmres.tlog\dpcpp-cl-clang-cl.4824.write.1.tlog
d:\ドキュメント\lab_share\解析temp_pcgsolver\vs_gmres\vs_gmres\x64\release\vs_gmres.tlog\dpcpp-cl-clang-cl.read.1.tlog
d:\ドキュメント\lab_share\解析temp_pcgsolver\vs_gmres\vs_gmres\x64\release\vs_gmres.tlog\dpcpp-cl-clang-cl.write.1.tlog
d:\ドキュメント\lab_share\解析temp_pcgsolver\vs_gmres\vs_gmres\x64\release\vs_gmres.tlog\dpcpp-cl.command.1.tlog
d:\ドキュメント\lab_share\解析temp_pcgsolver\vs_gmres\vs_gmres\x64\release\vs_gmres.tlog\dpcpp-cl.read.1.tlog
d:\ドキュメント\lab_share\解析temp_pcgsolver\vs_gmres\vs_gmres\x64\release\vs_gmres.tlog\link-dpcpp-cl-clang-cl-clang-offload-bundler.10108.read.1.tlog
d:\ドキュメント\lab_share\解析temp_pcgsolver\vs_gmres\vs_gmres\x64\release\vs_gmres.tlog\link-dpcpp-cl-clang-cl-clang-offload-bundler.10108.write.1.tlog
d:\ドキュメント\lab_share\解析temp_pcgsolver\vs_gmres\vs_gmres\x64\release\vs_gmres.tlog\link-dpcpp-cl-clang-cl-clang-offload-bundler.10176.read.1.tlog
d:\ドキュメント\lab_share\解析temp_pcgsolver\vs_gmres\vs_gmres\x64\release\vs_gmres.tlog\link-dpcpp-cl-clang-cl-clang-offload-bundler.10176.write.1.tlog
d:\ドキュメント\lab_share\解析temp_pcgsolver\vs_gmres\vs_gmres\x64\release\vs_gmres.tlog\link-dpcpp-cl-clang-cl-clang-offload-bundler.16108.read.1.tlog
d:\ドキュメント\lab_share\解析temp_pcgsolver\vs_gmres\vs_gmres\x64\release\vs_gmres.tlog\link-dpcpp-cl-clang-cl-clang-offload-bundler.16108.write.1.tlog
d:\ドキュメント\lab_share\解析temp_pcgsolver\vs_gmres\vs_gmres\x64\release\vs_gmres.tlog\link-dpcpp-cl-clang-cl-clang-offload-bundler.19488.read.1.tlog
d:\ドキュメント\lab_share\解析temp_pcgsolver\vs_gmres\vs_gmres\x64\release\vs_gmres.tlog\link-dpcpp-cl-clang-cl-clang-offload-bundler.19488.write.1.tlog
d:\ドキュメント\lab_share\解析temp_pcgsolver\vs_gmres\vs_gmres\x64\release\vs_gmres.tlog\link-dpcpp-cl-clang-cl-clang-offload-bundler.20768.read.1.tlog
d:\ドキュメント\lab_share\解析temp_pcgsolver\vs_gmres\vs_gmres\x64\release\vs_gmres.tlog\link-dpcpp-cl-clang-cl-clang-offload-bundler.20768.write.1.tlog
d:\ドキュメント\lab_share\解析temp_pcgsolver\vs_gmres\vs_gmres\x64\release\vs_gmres.tlog\link-dpcpp-cl-clang-cl-clang-offload-bundler.23808.read.1.tlog
d:\ドキュメント\lab_share\解析temp_pcgsolver\vs_gmres\vs_gmres\x64\release\vs_gmres.tlog\link-dpcpp-cl-clang-cl-clang-offload-bundler.23808.write.1.tlog
d:\ドキュメント\lab_share\解析temp_pcgsolver\vs_gmres\vs_gmres\x64\release\vs_gmres.tlog\link-dpcpp-cl-clang-cl-clang-offload-bundler.23852.read.1.tlog
d:\ドキュメント\lab_share\解析temp_pcgsolver\vs_gmres\vs_gmres\x64\release\vs_gmres.tlog\link-dpcpp-cl-clang-cl-clang-offload-bundler.23852.write.1.tlog
d:\ドキュメント\lab_share\解析temp_pcgsolver\vs_gmres\vs_gmres\x64\release\vs_gmres.tlog\link-dpcpp-cl-clang-cl-clang-offload-bundler.24012.read.1.tlog
d:\ドキュメント\lab_share\解析temp_pcgsolver\vs_gmres\vs_gmres\x64\release\vs_gmres.tlog\link-dpcpp-cl-clang-cl-clang-offload-bundler.24012.write.1.tlog
d:\ドキュメント\lab_share\解析temp_pcgsolver\vs_gmres\vs_gmres\x64\release\vs_gmres.tlog\link-dpcpp-cl-clang-cl-clang-offload-bundler.26532.read.1.tlog
d:\ドキュメント\lab_share\解析temp_pcgsolver\vs_gmres\vs_gmres\x64\release\vs_gmres.tlog\link-dpcpp-cl-clang-cl-clang-offload-bundler.26532.write.1.tlog
d:\ドキュメント\lab_share\解析temp_pcgsolver\vs_gmres\vs_gmres\x64\release\vs_gmres.tlog\link-dpcpp-cl-clang-cl-clang-offload-bundler.27116.read.1.tlog
d:\ドキュメント\lab_share\解析temp_pcgsolver\vs_gmres\vs_gmres\x64\release\vs_gmres.tlog\link-dpcpp-cl-clang-cl-clang-offload-bundler.27116.write.1.tlog
d:\ドキュメント\lab_share\解析temp_pcgsolver\vs_gmres\vs_gmres\x64\release\vs_gmres.tlog\link-dpcpp-cl-clang-cl-clang-offload-bundler.6356.read.1.tlog
d:\ドキュメント\lab_share\解析temp_pcgsolver\vs_gmres\vs_gmres\x64\release\vs_gmres.tlog\link-dpcpp-cl-clang-cl-clang-offload-bundler.6356.write.1.tlog
d:\ドキュメント\lab_share\解析temp_pcgsolver\vs_gmres\vs_gmres\x64\release\vs_gmres.tlog\link-dpcpp-cl-clang-cl-clang-offload-bundler.7508.read.1.tlog
d:\ドキュメント\lab_share\解析temp_pcgsolver\vs_gmres\vs_gmres\x64\release\vs_gmres.tlog\link-dpcpp-cl-clang-cl-clang-offload-bundler.7508.write.1.tlog
d:\ドキュメント\lab_share\解析temp_pcgsolver\vs_gmres\vs_gmres\x64\release\vs_gmres.tlog\link-dpcpp-cl-clang-cl-clang-offload-bundler.read.1.tlog
d:\ドキュメント\lab_share\解析temp_pcgsolver\vs_gmres\vs_gmres\x64\release\vs_gmres.tlog\link-dpcpp-cl-clang-cl-clang-offload-bundler.write.1.tlog
d:\ドキュメント\lab_share\解析temp_pcgsolver\vs_gmres\vs_gmres\x64\release\vs_gmres.tlog\link-dpcpp-cl-clang-cl-clang-offload-wrapper.read.1.tlog
d:\ドキュメント\lab_share\解析temp_pcgsolver\vs_gmres\vs_gmres\x64\release\vs_gmres.tlog\link-dpcpp-cl-clang-cl-clang-offload-wrapper.write.1.tlog
d:\ドキュメント\lab_share\解析temp_pcgsolver\vs_gmres\vs_gmres\x64\release\vs_gmres.tlog\link-dpcpp-cl-clang-cl-file-table-tform.20452.read.1.tlog
d:\ドキュメント\lab_share\解析temp_pcgsolver\vs_gmres\vs_gmres\x64\release\vs_gmres.tlog\link-dpcpp-cl-clang-cl-file-table-tform.20452.write.1.tlog
d:\ドキュメント\lab_share\解析temp_pcgsolver\vs_gmres\vs_gmres\x64\release\vs_gmres.tlog\link-dpcpp-cl-clang-cl-file-table-tform.read.1.tlog
d:\ドキュメント\lab_share\解析temp_pcgsolver\vs_gmres\vs_gmres\x64\release\vs_gmres.tlog\link-dpcpp-cl-clang-cl-file-table-tform.write.1.tlog
d:\ドキュメント\lab_share\解析temp_pcgsolver\vs_gmres\vs_gmres\x64\release\vs_gmres.tlog\link-dpcpp-cl-clang-cl-link.read.1.tlog
d:\ドキュメント\lab_share\解析temp_pcgsolver\vs_gmres\vs_gmres\x64\release\vs_gmres.tlog\link-dpcpp-cl-clang-cl-link.write.1.tlog
d:\ドキュメント\lab_share\解析temp_pcgsolver\vs_gmres\vs_gmres\x64\release\vs_gmres.tlog\link-dpcpp-cl-clang-cl-llc.read.1.tlog
d:\ドキュメント\lab_share\解析temp_pcgsolver\vs_gmres\vs_gmres\x64\release\vs_gmres.tlog\link-dpcpp-cl-clang-cl-llc.write.1.tlog
d:\ドキュメント\lab_share\解析temp_pcgsolver\vs_gmres\vs_gmres\x64\release\vs_gmres.tlog\link-dpcpp-cl-clang-cl-llvm-foreach-llvm-spirv.read.1.tlog
d:\ドキュメント\lab_share\解析temp_pcgsolver\vs_gmres\vs_gmres\x64\release\vs_gmres.tlog\link-dpcpp-cl-clang-cl-llvm-foreach-llvm-spirv.write.1.tlog
d:\ドキュメント\lab_share\解析temp_pcgsolver\vs_gmres\vs_gmres\x64\release\vs_gmres.tlog\link-dpcpp-cl-clang-cl-llvm-foreach.read.1.tlog
d:\ドキュメント\lab_share\解析temp_pcgsolver\vs_gmres\vs_gmres\x64\release\vs_gmres.tlog\link-dpcpp-cl-clang-cl-llvm-foreach.write.1.tlog
d:\ドキュメント\lab_share\解析temp_pcgsolver\vs_gmres\vs_gmres\x64\release\vs_gmres.tlog\link-dpcpp-cl-clang-cl-llvm-link.25996.read.1.tlog
d:\ドキュメント\lab_share\解析temp_pcgsolver\vs_gmres\vs_gmres\x64\release\vs_gmres.tlog\link-dpcpp-cl-clang-cl-llvm-link.25996.write.1.tlog
d:\ドキュメント\lab_share\解析temp_pcgsolver\vs_gmres\vs_gmres\x64\release\vs_gmres.tlog\link-dpcpp-cl-clang-cl-llvm-link.read.1.tlog
d:\ドキュメント\lab_share\解析temp_pcgsolver\vs_gmres\vs_gmres\x64\release\vs_gmres.tlog\link-dpcpp-cl-clang-cl-llvm-link.write.1.tlog
d:\ドキュメント\lab_share\解析temp_pcgsolver\vs_gmres\vs_gmres\x64\release\vs_gmres.tlog\link-dpcpp-cl-clang-cl-sycl-post-link.read.1.tlog
d:\ドキュメント\lab_share\解析temp_pcgsolver\vs_gmres\vs_gmres\x64\release\vs_gmres.tlog\link-dpcpp-cl-clang-cl-sycl-post-link.write.1.tlog
d:\ドキュメント\lab_share\解析temp_pcgsolver\vs_gmres\vs_gmres\x64\release\vs_gmres.tlog\link-dpcpp-cl-clang-cl.read.1.tlog
d:\ドキュメント\lab_share\解析temp_pcgsolver\vs_gmres\vs_gmres\x64\release\vs_gmres.tlog\link-dpcpp-cl-clang-cl.write.1.tlog
d:\ドキュメント\lab_share\解析temp_pcgsolver\vs_gmres\vs_gmres\x64\release\vs_gmres.tlog\link-dpcpp-cl-link.command.1.tlog
d:\ドキュメント\lab_share\解析temp_pcgsolver\vs_gmres\vs_gmres\x64\release\vs_gmres.tlog\link-dpcpp-cl.read.1.tlog
d:\ドキュメント\lab_share\解析temp_pcgsolver\vs_gmres\vs_gmres\x64\release\vs_gmres.tlog\link.command.1.tlog
d:\ドキュメント\lab_share\解析temp_pcgsolver\vs_gmres\vs_gmres\x64\release\vs_gmres.tlog\link.read.1.tlog
d:\ドキュメント\lab_share\解析temp_pcgsolver\vs_gmres\vs_gmres\x64\release\vs_gmres.tlog\link.write.1.tlog
