This is e-pTeX, Version 3.14159265-p3.8.3-191112-2.6 (utf8.sjis) (TeX Live 2020/W32TeX) (preloaded format=platex 2020.5.22)  23 MAY 2021 13:46
entering extended mode
 restricted \write18 enabled.
 file:line:error style messages enabled.
 %&-line parsing enabled.
**acknowledgments.tex
(./acknowledgments.tex
pLaTeX2e <2020-04-12> (based on LaTeX2e <2020-02-02> patch level 5)
L3 programming layer <2020-05-15>
./acknowledgments.tex:1: Undefined control sequence.
l.1 \chapter
            {謝辞} 
Here is how much of TeX's memory you used:
 16 strings out of 480987
 339 string characters out of 5916145
 238934 words of memory out of 5000000
 16313 multiletter control sequences out of 15000+600000
 536209 words of font info for 41 fonts, out of 8000000 for 9000
 929 hyphenation exceptions out of 8191
 13i,0n,15p,65b,10s stack positions out of 5000i,500n,10000p,200000b,80000s

No pages of output.
